<?xml version="1.0" encoding="UTF-8"?>
<!-- Generated by org.testng.reporters.JUnitXMLReporter -->
<testsuite ignored="10" hostname="DESKTOP-PEVCGOU" failures="0" tests="1" name="Default test" time="10.721" errors="0" timestamp="2025-08-21T21:14:14 EET">
  <testcase classname="TestCases" name="TopAndRelod" time="5.062"/>
  <testcase classname="TestCases" name="Dynamic_Drop_Down" time="0.0">
    <ignored/>
  </testcase> <!-- Dynamic_Drop_Down -->
  <testcase classname="TestCases" name="alertandconfirm" time="0.0">
    <ignored/>
  </testcase> <!-- alertandconfirm -->
  <testcase classname="TestCases" name="checkbox" time="0.0">
    <ignored/>
  </testcase> <!-- checkbox -->
  <testcase classname="TestCases" name="HideAndShow" time="0.0">
    <ignored/>
  </testcase> <!-- HideAndShow -->
  <testcase classname="TestCases" name="opentab" time="0.0">
    <ignored/>
  </testcase> <!-- opentab -->
  <testcase classname="TestCases" name="Static_Drop_Down" time="0.0">
    <ignored/>
  </testcase> <!-- Static_Drop_Down -->
  <testcase classname="TestCases" name="openwindow" time="0.0">
    <ignored/>
  </testcase> <!-- openwindow -->
  <testcase classname="TestCases" name="RadioButton" time="0.0">
    <ignored/>
  </testcase> <!-- RadioButton -->
  <testcase classname="TestCases" name="EnableAndDisable" time="0.0">
    <ignored/>
  </testcase> <!-- EnableAndDisable -->
  <testcase classname="TestCases" name="TheTable" time="0.0">
    <ignored/>
  </testcase> <!-- TheTable -->
</testsuite> <!-- Default test -->
