<?xml version="1.0" encoding="UTF-8"?>
<testng-results ignored="10" total="11" passed="1" failed="0" skipped="0">
  <reporter-output>
  </reporter-output>
  <suite started-at="2025-08-21T21:14:03 EET" name="Default suite" finished-at="2025-08-21T21:14:13 EET" duration-ms="10721">
    <groups>
    </groups>
    <test started-at="2025-08-21T21:14:03 EET" name="Default test" finished-at="2025-08-21T21:14:13 EET" duration-ms="10721">
      <class name="TestCases">
        <test-method is-config="true" signature="SetUp()[pri:0, instance:TestCases@68ead359]" started-at="2025-08-21T21:14:03 EET" name="SetUp" finished-at="2025-08-21T21:14:08 EET" duration-ms="5530" status="PASS">
          <reporter-output>
          </reporter-output>
        </test-method> <!-- SetUp -->
        <test-method signature="TopAndRelod()[pri:11, instance:TestCases@68ead359]" started-at="2025-08-21T21:14:08 EET" name="TopAndRelod" finished-at="2025-08-21T21:14:13 EET" duration-ms="5062" status="PASS">
          <reporter-output>
          </reporter-output>
        </test-method> <!-- TopAndRelod -->
      </class> <!-- TestCases -->
    </test> <!-- Default test -->
  </suite> <!-- Default suite -->
</testng-results>
