<?xml version="1.0" encoding="UTF-8"?>
<testng-results ignored="11" total="12" passed="1" failed="0" skipped="0">
  <reporter-output>
  </reporter-output>
  <suite started-at="2025-08-23T19:39:23 EET" name="Default suite" finished-at="2025-08-23T19:39:37 EET" duration-ms="13956">
    <groups>
    </groups>
    <test started-at="2025-08-23T19:39:23 EET" name="Default test" finished-at="2025-08-23T19:39:37 EET" duration-ms="13956">
      <class name="TestCases">
        <test-method is-config="true" signature="SetUp()[pri:0, instance:TestCases@7a560583]" started-at="2025-08-23T19:39:23 EET" name="SetUp" finished-at="2025-08-23T19:39:29 EET" duration-ms="5987" status="PASS">
          <reporter-output>
          </reporter-output>
        </test-method> <!-- SetUp -->
        <test-method signature="Calaender()[pri:0, instance:TestCases@7a560583]" started-at="2025-08-23T19:39:29 EET" name="Calaender" finished-at="2025-08-23T19:39:37 EET" duration-ms="7891" status="PASS">
          <reporter-output>
          </reporter-output>
        </test-method> <!-- Calaender -->
      </class> <!-- TestCases -->
    </test> <!-- Default test -->
  </suite> <!-- Default suite -->
</testng-results>
